{"D:\\Prueba\\Xpert\\Backend\\backXpert\\src\\controllers\\breeds.controller.ts": {"path":"D:\\Prueba\\Xpert\\Backend\\backXpert\\src\\controllers\\breeds.controller.ts","statementMap":{"0":{"start":{"line":11,"column":11},"end":{"line":18,"column":6}},"1":{"start":{"line":11,"column":79},"end":{"line":18,"column":6}},"2":{"start":{"line":12,"column":8},"end":{"line":17,"column":9}},"3":{"start":{"line":13,"column":27},"end":{"line":13,"column":66}},"4":{"start":{"line":14,"column":12},"end":{"line":14,"column":41}},"5":{"start":{"line":16,"column":12},"end":{"line":16,"column":84}},"6":{"start":{"line":20,"column":11},"end":{"line":32,"column":6}},"7":{"start":{"line":20,"column":79},"end":{"line":32,"column":6}},"8":{"start":{"line":21,"column":29},"end":{"line":21,"column":39}},"9":{"start":{"line":22,"column":8},"end":{"line":31,"column":9}},"10":{"start":{"line":23,"column":26},"end":{"line":23,"column":73}},"11":{"start":{"line":24,"column":12},"end":{"line":28,"column":13}},"12":{"start":{"line":25,"column":16},"end":{"line":25,"column":79}},"13":{"start":{"line":27,"column":16},"end":{"line":27,"column":44}},"14":{"start":{"line":30,"column":12},"end":{"line":30,"column":81}},"15":{"start":{"line":34,"column":11},"end":{"line":42,"column":6}},"16":{"start":{"line":34,"column":79},"end":{"line":42,"column":6}},"17":{"start":{"line":35,"column":22},"end":{"line":35,"column":31}},"18":{"start":{"line":36,"column":8},"end":{"line":41,"column":9}},"19":{"start":{"line":37,"column":27},"end":{"line":37,"column":71}},"20":{"start":{"line":38,"column":12},"end":{"line":38,"column":41}},"21":{"start":{"line":40,"column":12},"end":{"line":40,"column":83}},"22":{"start":{"line":8,"column":8},"end":{"line":8,"column":43}},"23":{"start":{"line":4,"column":0},"end":{"line":4,"column":13}}},"fnMap":{"0":{"name":"(anonymous_7)","decl":{"start":{"line":7,"column":4},"end":{"line":7,"column":16}},"loc":{"start":{"line":7,"column":44},"end":{"line":9,"column":5}}},"1":{"name":"(anonymous_8)","decl":{"start":{"line":11,"column":26},"end":{"line":11,"column":33}},"loc":{"start":{"line":11,"column":79},"end":{"line":18,"column":6}}},"2":{"name":"(anonymous_9)","decl":{"start":{"line":11,"column":79},"end":{"line":11,"column":null}},"loc":{"start":{"line":11,"column":79},"end":{"line":18,"column":5}}},"3":{"name":"(anonymous_10)","decl":{"start":{"line":20,"column":26},"end":{"line":20,"column":33}},"loc":{"start":{"line":20,"column":79},"end":{"line":32,"column":6}}},"4":{"name":"(anonymous_11)","decl":{"start":{"line":20,"column":79},"end":{"line":20,"column":null}},"loc":{"start":{"line":20,"column":79},"end":{"line":32,"column":5}}},"5":{"name":"(anonymous_12)","decl":{"start":{"line":34,"column":26},"end":{"line":34,"column":33}},"loc":{"start":{"line":34,"column":79},"end":{"line":42,"column":6}}},"6":{"name":"(anonymous_13)","decl":{"start":{"line":34,"column":79},"end":{"line":34,"column":null}},"loc":{"start":{"line":34,"column":79},"end":{"line":42,"column":5}}}},"branchMap":{"0":{"loc":{"start":{"line":24,"column":12},"end":{"line":28,"column":13}},"type":"if","locations":[{"start":{"line":24,"column":12},"end":{"line":28,"column":13}},{"start":{"line":26,"column":19},"end":{"line":28,"column":13}}]}},"s":{"0":7,"1":2,"2":2,"3":2,"4":1,"5":1,"6":7,"7":3,"8":3,"9":3,"10":3,"11":2,"12":1,"13":1,"14":1,"15":7,"16":2,"17":2,"18":2,"19":2,"20":1,"21":1,"22":7,"23":1},"f":{"0":7,"1":2,"2":2,"3":3,"4":3,"5":2,"6":2},"b":{"0":[1,1]}}
,"D:\\Prueba\\Xpert\\Backend\\backXpert\\src\\controllers\\image.controller.ts": {"path":"D:\\Prueba\\Xpert\\Backend\\backXpert\\src\\controllers\\image.controller.ts","statementMap":{"0":{"start":{"line":11,"column":11},"end":{"line":19,"column":6}},"1":{"start":{"line":11,"column":85},"end":{"line":19,"column":6}},"2":{"start":{"line":12,"column":29},"end":{"line":12,"column":39}},"3":{"start":{"line":13,"column":8},"end":{"line":18,"column":9}},"4":{"start":{"line":14,"column":27},"end":{"line":14,"column":79}},"5":{"start":{"line":15,"column":12},"end":{"line":15,"column":41}},"6":{"start":{"line":17,"column":12},"end":{"line":17,"column":100}},"7":{"start":{"line":8,"column":8},"end":{"line":8,"column":41}},"8":{"start":{"line":4,"column":0},"end":{"line":4,"column":13}}},"fnMap":{"0":{"name":"(anonymous_7)","decl":{"start":{"line":7,"column":4},"end":{"line":7,"column":16}},"loc":{"start":{"line":7,"column":42},"end":{"line":9,"column":5}}},"1":{"name":"(anonymous_8)","decl":{"start":{"line":11,"column":32},"end":{"line":11,"column":39}},"loc":{"start":{"line":11,"column":85},"end":{"line":19,"column":6}}},"2":{"name":"(anonymous_9)","decl":{"start":{"line":11,"column":85},"end":{"line":11,"column":null}},"loc":{"start":{"line":11,"column":85},"end":{"line":19,"column":5}}}},"branchMap":{},"s":{"0":2,"1":2,"2":2,"3":2,"4":2,"5":1,"6":1,"7":2,"8":1},"f":{"0":2,"1":2,"2":2},"b":{}}
,"D:\\Prueba\\Xpert\\Backend\\backXpert\\src\\controllers\\user.controller.ts": {"path":"D:\\Prueba\\Xpert\\Backend\\backXpert\\src\\controllers\\user.controller.ts","statementMap":{"0":{"start":{"line":11,"column":11},"end":{"line":29,"column":6}},"1":{"start":{"line":11,"column":75},"end":{"line":29,"column":6}},"2":{"start":{"line":12,"column":42},"end":{"line":12,"column":50}},"3":{"start":{"line":14,"column":8},"end":{"line":17,"column":9}},"4":{"start":{"line":15,"column":12},"end":{"line":15,"column":91}},"5":{"start":{"line":16,"column":12},"end":{"line":16,"column":19}},"6":{"start":{"line":19,"column":8},"end":{"line":28,"column":9}},"7":{"start":{"line":20,"column":27},"end":{"line":20,"column":81}},"8":{"start":{"line":21,"column":12},"end":{"line":25,"column":13}},"9":{"start":{"line":22,"column":16},"end":{"line":22,"column":45}},"10":{"start":{"line":24,"column":16},"end":{"line":24,"column":39}},"11":{"start":{"line":27,"column":12},"end":{"line":27,"column":80}},"12":{"start":{"line":32,"column":11},"end":{"line":50,"column":6}},"13":{"start":{"line":32,"column":72},"end":{"line":50,"column":6}},"14":{"start":{"line":33,"column":36},"end":{"line":33,"column":44}},"15":{"start":{"line":35,"column":8},"end":{"line":38,"column":9}},"16":{"start":{"line":36,"column":12},"end":{"line":36,"column":83}},"17":{"start":{"line":37,"column":12},"end":{"line":37,"column":19}},"18":{"start":{"line":40,"column":8},"end":{"line":49,"column":9}},"19":{"start":{"line":41,"column":26},"end":{"line":41,"column":71}},"20":{"start":{"line":42,"column":12},"end":{"line":46,"column":13}},"21":{"start":{"line":43,"column":16},"end":{"line":43,"column":48}},"22":{"start":{"line":45,"column":16},"end":{"line":45,"column":78}},"23":{"start":{"line":48,"column":12},"end":{"line":48,"column":77}},"24":{"start":{"line":8,"column":8},"end":{"line":8,"column":39}},"25":{"start":{"line":4,"column":0},"end":{"line":4,"column":13}}},"fnMap":{"0":{"name":"(anonymous_7)","decl":{"start":{"line":7,"column":4},"end":{"line":7,"column":16}},"loc":{"start":{"line":7,"column":40},"end":{"line":9,"column":5}}},"1":{"name":"(anonymous_8)","decl":{"start":{"line":11,"column":22},"end":{"line":11,"column":29}},"loc":{"start":{"line":11,"column":75},"end":{"line":29,"column":6}}},"2":{"name":"(anonymous_9)","decl":{"start":{"line":11,"column":75},"end":{"line":11,"column":null}},"loc":{"start":{"line":11,"column":75},"end":{"line":29,"column":5}}},"3":{"name":"(anonymous_10)","decl":{"start":{"line":32,"column":19},"end":{"line":32,"column":26}},"loc":{"start":{"line":32,"column":72},"end":{"line":50,"column":6}}},"4":{"name":"(anonymous_11)","decl":{"start":{"line":32,"column":72},"end":{"line":32,"column":null}},"loc":{"start":{"line":32,"column":72},"end":{"line":50,"column":5}}}},"branchMap":{"0":{"loc":{"start":{"line":14,"column":8},"end":{"line":17,"column":9}},"type":"if","locations":[{"start":{"line":14,"column":8},"end":{"line":17,"column":9}}]},"1":{"loc":{"start":{"line":14,"column":12},"end":{"line":14,"column":97}},"type":"binary-expr","locations":[{"start":{"line":14,"column":12},"end":{"line":14,"column":36}},{"start":{"line":14,"column":40},"end":{"line":14,"column":65}},{"start":{"line":14,"column":69},"end":{"line":14,"column":97}}]},"2":{"loc":{"start":{"line":21,"column":12},"end":{"line":25,"column":13}},"type":"if","locations":[{"start":{"line":21,"column":12},"end":{"line":25,"column":13}},{"start":{"line":23,"column":19},"end":{"line":25,"column":13}}]},"3":{"loc":{"start":{"line":35,"column":8},"end":{"line":38,"column":9}},"type":"if","locations":[{"start":{"line":35,"column":8},"end":{"line":38,"column":9}}]},"4":{"loc":{"start":{"line":35,"column":12},"end":{"line":35,"column":69}},"type":"binary-expr","locations":[{"start":{"line":35,"column":12},"end":{"line":35,"column":37}},{"start":{"line":35,"column":41},"end":{"line":35,"column":69}}]},"5":{"loc":{"start":{"line":42,"column":12},"end":{"line":46,"column":13}},"type":"if","locations":[{"start":{"line":42,"column":12},"end":{"line":46,"column":13}},{"start":{"line":44,"column":19},"end":{"line":46,"column":13}}]}},"s":{"0":9,"1":4,"2":4,"3":4,"4":1,"5":1,"6":3,"7":3,"8":2,"9":1,"10":1,"11":1,"12":9,"13":5,"14":5,"15":5,"16":2,"17":2,"18":3,"19":3,"20":2,"21":1,"22":1,"23":1,"24":9,"25":1},"f":{"0":9,"1":4,"2":4,"3":5,"4":5},"b":{"0":[1],"1":[4,3,3],"2":[1,1],"3":[2],"4":[5,3],"5":[1,1]}}
,"D:\\Prueba\\Xpert\\Backend\\backXpert\\src\\models\\breeds.model.ts": {"path":"D:\\Prueba\\Xpert\\Backend\\backXpert\\src\\models\\breeds.model.ts","statementMap":{"0":{"start":{"line":17,"column":8},"end":{"line":17,"column":21}},"1":{"start":{"line":18,"column":8},"end":{"line":18,"column":25}},"2":{"start":{"line":19,"column":8},"end":{"line":19,"column":29}},"3":{"start":{"line":20,"column":8},"end":{"line":20,"column":39}},"4":{"start":{"line":21,"column":8},"end":{"line":21,"column":39}},"5":{"start":{"line":22,"column":8},"end":{"line":22,"column":35}},"6":{"start":{"line":1,"column":0},"end":{"line":1,"column":13}}},"fnMap":{"0":{"name":"(anonymous_0)","decl":{"start":{"line":9,"column":4},"end":{"line":9,"column":null}},"loc":{"start":{"line":15,"column":25},"end":{"line":23,"column":5}}}},"branchMap":{},"s":{"0":8,"1":8,"2":8,"3":8,"4":8,"5":8,"6":1},"f":{"0":8},"b":{}}
,"D:\\Prueba\\Xpert\\Backend\\backXpert\\src\\models\\image.model.ts": {"path":"D:\\Prueba\\Xpert\\Backend\\backXpert\\src\\models\\image.model.ts","statementMap":{"0":{"start":{"line":7,"column":8},"end":{"line":7,"column":21}},"1":{"start":{"line":8,"column":8},"end":{"line":8,"column":23}},"2":{"start":{"line":9,"column":8},"end":{"line":9,"column":33}},"3":{"start":{"line":1,"column":0},"end":{"line":1,"column":13}}},"fnMap":{"0":{"name":"(anonymous_0)","decl":{"start":{"line":6,"column":4},"end":{"line":6,"column":16}},"loc":{"start":{"line":6,"column":57},"end":{"line":10,"column":5}}}},"branchMap":{},"s":{"0":8,"1":8,"2":8,"3":4},"f":{"0":8},"b":{}}
,"D:\\Prueba\\Xpert\\Backend\\backXpert\\src\\models\\user.model.ts": {"path":"D:\\Prueba\\Xpert\\Backend\\backXpert\\src\\models\\user.model.ts","statementMap":{"0":{"start":{"line":1,"column":0},"end":{"line":1,"column":54}},"1":{"start":{"line":9,"column":27},"end":{"line":13,"column":2}},"2":{"start":{"line":15,"column":13},"end":{"line":15,"column":67}}},"fnMap":{},"branchMap":{},"s":{"0":1,"1":1,"2":1},"f":{},"b":{}}
,"D:\\Prueba\\Xpert\\Backend\\backXpert\\src\\repositories\\breeds.respository.ts": {"path":"D:\\Prueba\\Xpert\\Backend\\backXpert\\src\\repositories\\breeds.respository.ts","statementMap":{"0":{"start":{"line":1,"column":0},"end":{"line":1,"column":28}},"1":{"start":{"line":2,"column":0},"end":{"line":2,"column":26}},"2":{"start":{"line":4,"column":0},"end":{"line":4,"column":47}},"3":{"start":{"line":6,"column":0},"end":{"line":6,"column":16}},"4":{"start":{"line":9,"column":12},"end":{"line":9,"column":51}},"5":{"start":{"line":10,"column":12},"end":{"line":10,"column":42}},"6":{"start":{"line":13,"column":25},"end":{"line":15,"column":10}},"7":{"start":{"line":16,"column":8},"end":{"line":23,"column":11}},"8":{"start":{"line":16,"column":48},"end":{"line":22,"column":null}},"9":{"start":{"line":27,"column":25},"end":{"line":29,"column":10}},"10":{"start":{"line":30,"column":21},"end":{"line":30,"column":34}},"11":{"start":{"line":31,"column":8},"end":{"line":38,"column":10}},"12":{"start":{"line":42,"column":28},"end":{"line":42,"column":72}},"13":{"start":{"line":43,"column":25},"end":{"line":45,"column":10}},"14":{"start":{"line":46,"column":8},"end":{"line":53,"column":11}},"15":{"start":{"line":46,"column":48},"end":{"line":52,"column":null}},"16":{"start":{"line":8,"column":0},"end":{"line":8,"column":13}}},"fnMap":{"0":{"name":"(anonymous_8)","decl":{"start":{"line":8,"column":0},"end":{"line":8,"column":13}},"loc":{"start":{"line":8,"column":0},"end":{"line":55,"column":1}}},"1":{"name":"(anonymous_9)","decl":{"start":{"line":12,"column":17},"end":{"line":12,"column":29}},"loc":{"start":{"line":12,"column":29},"end":{"line":24,"column":null}}},"2":{"name":"(anonymous_11)","decl":{"start":{"line":16,"column":33},"end":{"line":16,"column":34}},"loc":{"start":{"line":16,"column":48},"end":{"line":22,"column":null}}},"3":{"name":"(anonymous_12)","decl":{"start":{"line":26,"column":17},"end":{"line":26,"column":29}},"loc":{"start":{"line":26,"column":46},"end":{"line":39,"column":null}}},"4":{"name":"(anonymous_14)","decl":{"start":{"line":41,"column":17},"end":{"line":41,"column":29}},"loc":{"start":{"line":41,"column":43},"end":{"line":54,"column":null}}},"5":{"name":"(anonymous_16)","decl":{"start":{"line":46,"column":33},"end":{"line":46,"column":34}},"loc":{"start":{"line":46,"column":48},"end":{"line":52,"column":null}}}},"branchMap":{},"s":{"0":1,"1":1,"2":1,"3":1,"4":6,"5":6,"6":2,"7":1,"8":2,"9":2,"10":1,"11":1,"12":2,"13":2,"14":1,"15":1,"16":1},"f":{"0":6,"1":2,"2":2,"3":2,"4":2,"5":1},"b":{}}
,"D:\\Prueba\\Xpert\\Backend\\backXpert\\src\\repositories\\image.repository.ts": {"path":"D:\\Prueba\\Xpert\\Backend\\backXpert\\src\\repositories\\image.repository.ts","statementMap":{"0":{"start":{"line":1,"column":0},"end":{"line":1,"column":28}},"1":{"start":{"line":2,"column":0},"end":{"line":2,"column":26}},"2":{"start":{"line":4,"column":0},"end":{"line":4,"column":46}},"3":{"start":{"line":6,"column":0},"end":{"line":6,"column":16}},"4":{"start":{"line":9,"column":12},"end":{"line":9,"column":51}},"5":{"start":{"line":10,"column":12},"end":{"line":10,"column":42}},"6":{"start":{"line":13,"column":25},"end":{"line":16,"column":10}},"7":{"start":{"line":18,"column":8},"end":{"line":22,"column":11}},"8":{"start":{"line":18,"column":48},"end":{"line":21,"column":null}},"9":{"start":{"line":8,"column":0},"end":{"line":8,"column":13}}},"fnMap":{"0":{"name":"(anonymous_8)","decl":{"start":{"line":8,"column":0},"end":{"line":8,"column":13}},"loc":{"start":{"line":8,"column":0},"end":{"line":24,"column":1}}},"1":{"name":"(anonymous_9)","decl":{"start":{"line":12,"column":17},"end":{"line":12,"column":35}},"loc":{"start":{"line":12,"column":52},"end":{"line":23,"column":null}}},"2":{"name":"(anonymous_11)","decl":{"start":{"line":18,"column":33},"end":{"line":18,"column":34}},"loc":{"start":{"line":18,"column":48},"end":{"line":21,"column":null}}}},"branchMap":{},"s":{"0":1,"1":1,"2":1,"3":1,"4":1,"5":1,"6":1,"7":1,"8":2,"9":1},"f":{"0":1,"1":1,"2":2},"b":{}}
,"D:\\Prueba\\Xpert\\Backend\\backXpert\\src\\repositories\\user.repository.ts": {"path":"D:\\Prueba\\Xpert\\Backend\\backXpert\\src\\repositories\\user.repository.ts","statementMap":{"0":{"start":{"line":2,"column":0},"end":{"line":2,"column":56}},"1":{"start":{"line":6,"column":21},"end":{"line":10,"column":10}},"2":{"start":{"line":11,"column":8},"end":{"line":11,"column":27}},"3":{"start":{"line":15,"column":8},"end":{"line":15,"column":44}},"4":{"start":{"line":4,"column":0},"end":{"line":4,"column":13}}},"fnMap":{"0":{"name":"(anonymous_7)","decl":{"start":{"line":5,"column":17},"end":{"line":5,"column":27}},"loc":{"start":{"line":5,"column":79},"end":{"line":12,"column":null}}},"1":{"name":"(anonymous_9)","decl":{"start":{"line":14,"column":17},"end":{"line":14,"column":28}},"loc":{"start":{"line":14,"column":42},"end":{"line":16,"column":null}}}},"branchMap":{},"s":{"0":1,"1":1,"2":1,"3":2,"4":1},"f":{"0":1,"1":2},"b":{}}
,"D:\\Prueba\\Xpert\\Backend\\backXpert\\src\\services\\breeds.service.ts": {"path":"D:\\Prueba\\Xpert\\Backend\\backXpert\\src\\services\\breeds.service.ts","statementMap":{"0":{"start":{"line":15,"column":8},"end":{"line":15,"column":55}},"1":{"start":{"line":16,"column":8},"end":{"line":16,"column":55}},"2":{"start":{"line":17,"column":8},"end":{"line":17,"column":55}},"3":{"start":{"line":21,"column":8},"end":{"line":21,"column":56}},"4":{"start":{"line":25,"column":8},"end":{"line":25,"column":64}},"5":{"start":{"line":29,"column":23},"end":{"line":29,"column":68}},"6":{"start":{"line":30,"column":8},"end":{"line":30,"column":22}},"7":{"start":{"line":5,"column":0},"end":{"line":5,"column":13}}},"fnMap":{"0":{"name":"(anonymous_7)","decl":{"start":{"line":10,"column":4},"end":{"line":10,"column":null}},"loc":{"start":{"line":13,"column":48},"end":{"line":18,"column":5}}},"1":{"name":"(anonymous_8)","decl":{"start":{"line":20,"column":17},"end":{"line":20,"column":29}},"loc":{"start":{"line":20,"column":29},"end":{"line":22,"column":null}}},"2":{"name":"(anonymous_10)","decl":{"start":{"line":24,"column":17},"end":{"line":24,"column":29}},"loc":{"start":{"line":24,"column":46},"end":{"line":26,"column":null}}},"3":{"name":"(anonymous_12)","decl":{"start":{"line":28,"column":17},"end":{"line":28,"column":29}},"loc":{"start":{"line":28,"column":43},"end":{"line":31,"column":null}}}},"branchMap":{},"s":{"0":6,"1":6,"2":6,"3":2,"4":2,"5":2,"6":1,"7":1},"f":{"0":6,"1":2,"2":2,"3":2},"b":{}}
,"D:\\Prueba\\Xpert\\Backend\\backXpert\\src\\services\\image.service.ts": {"path":"D:\\Prueba\\Xpert\\Backend\\backXpert\\src\\services\\image.service.ts","statementMap":{"0":{"start":{"line":7,"column":8},"end":{"line":7,"column":63}},"1":{"start":{"line":11,"column":8},"end":{"line":11,"column":62}},"2":{"start":{"line":3,"column":0},"end":{"line":3,"column":13}}},"fnMap":{"0":{"name":"(anonymous_7)","decl":{"start":{"line":6,"column":4},"end":{"line":6,"column":16}},"loc":{"start":{"line":6,"column":64},"end":{"line":8,"column":5}}},"1":{"name":"(anonymous_8)","decl":{"start":{"line":10,"column":17},"end":{"line":10,"column":35}},"loc":{"start":{"line":10,"column":52},"end":{"line":12,"column":null}}}},"branchMap":{},"s":{"0":1,"1":1,"2":1},"f":{"0":1,"1":1},"b":{}}
,"D:\\Prueba\\Xpert\\Backend\\backXpert\\src\\services\\user.service.ts": {"path":"D:\\Prueba\\Xpert\\Backend\\backXpert\\src\\services\\user.service.ts","statementMap":{"0":{"start":{"line":3,"column":0},"end":{"line":3,"column":67}},"1":{"start":{"line":4,"column":0},"end":{"line":4,"column":73}},"2":{"start":{"line":5,"column":0},"end":{"line":5,"column":31}},"3":{"start":{"line":13,"column":8},"end":{"line":13,"column":75}},"4":{"start":{"line":14,"column":8},"end":{"line":14,"column":80}},"5":{"start":{"line":15,"column":8},"end":{"line":15,"column":35}},"6":{"start":{"line":19,"column":21},"end":{"line":19,"column":82}},"7":{"start":{"line":20,"column":8},"end":{"line":23,"column":10}},"8":{"start":{"line":27,"column":8},"end":{"line":27,"column":62}},"9":{"start":{"line":31,"column":8},"end":{"line":35,"column":9}},"10":{"start":{"line":32,"column":12},"end":{"line":32,"column":53}},"11":{"start":{"line":34,"column":12},"end":{"line":34,"column":24}},"12":{"start":{"line":7,"column":0},"end":{"line":7,"column":13}}},"fnMap":{"0":{"name":"(anonymous_8)","decl":{"start":{"line":12,"column":4},"end":{"line":12,"column":16}},"loc":{"start":{"line":12,"column":66},"end":{"line":16,"column":5}}},"1":{"name":"(anonymous_9)","decl":{"start":{"line":18,"column":17},"end":{"line":18,"column":25}},"loc":{"start":{"line":18,"column":71},"end":{"line":24,"column":null}}},"2":{"name":"(anonymous_11)","decl":{"start":{"line":26,"column":17},"end":{"line":26,"column":22}},"loc":{"start":{"line":26,"column":54},"end":{"line":28,"column":null}}},"3":{"name":"(anonymous_13)","decl":{"start":{"line":30,"column":17},"end":{"line":30,"column":28}},"loc":{"start":{"line":30,"column":42},"end":{"line":36,"column":null}}}},"branchMap":{},"s":{"0":2,"1":2,"2":2,"3":13,"4":13,"5":13,"6":1,"7":1,"8":1,"9":2,"10":2,"11":1,"12":2},"f":{"0":13,"1":1,"2":1,"3":2},"b":{}}
,"D:\\Prueba\\Xpert\\Backend\\backXpert\\src\\use-cases\\breeds\\get-all-breeds.usecase.ts": {"path":"D:\\Prueba\\Xpert\\Backend\\backXpert\\src\\use-cases\\breeds\\get-all-breeds.usecase.ts","statementMap":{"0":{"start":{"line":7,"column":8},"end":{"line":7,"column":47}},"1":{"start":{"line":11,"column":8},"end":{"line":11,"column":51}},"2":{"start":{"line":3,"column":0},"end":{"line":3,"column":13}}},"fnMap":{"0":{"name":"(anonymous_7)","decl":{"start":{"line":6,"column":4},"end":{"line":6,"column":16}},"loc":{"start":{"line":6,"column":50},"end":{"line":8,"column":5}}},"1":{"name":"(anonymous_8)","decl":{"start":{"line":10,"column":17},"end":{"line":10,"column":24}},"loc":{"start":{"line":10,"column":24},"end":{"line":12,"column":null}}}},"branchMap":{},"s":{"0":1,"1":1,"2":1},"f":{"0":1,"1":1},"b":{}}
,"D:\\Prueba\\Xpert\\Backend\\backXpert\\src\\use-cases\\breeds\\get-breed-by-id.usecase.ts": {"path":"D:\\Prueba\\Xpert\\Backend\\backXpert\\src\\use-cases\\breeds\\get-breed-by-id.usecase.ts","statementMap":{"0":{"start":{"line":7,"column":8},"end":{"line":7,"column":47}},"1":{"start":{"line":11,"column":8},"end":{"line":11,"column":58}},"2":{"start":{"line":3,"column":0},"end":{"line":3,"column":13}}},"fnMap":{"0":{"name":"(anonymous_7)","decl":{"start":{"line":6,"column":4},"end":{"line":6,"column":16}},"loc":{"start":{"line":6,"column":50},"end":{"line":8,"column":5}}},"1":{"name":"(anonymous_8)","decl":{"start":{"line":10,"column":17},"end":{"line":10,"column":24}},"loc":{"start":{"line":10,"column":40},"end":{"line":12,"column":null}}}},"branchMap":{},"s":{"0":1,"1":1,"2":1},"f":{"0":1,"1":1},"b":{}}
,"D:\\Prueba\\Xpert\\Backend\\backXpert\\src\\use-cases\\breeds\\search-breeds.usecase.ts": {"path":"D:\\Prueba\\Xpert\\Backend\\backXpert\\src\\use-cases\\breeds\\search-breeds.usecase.ts","statementMap":{"0":{"start":{"line":7,"column":8},"end":{"line":7,"column":47}},"1":{"start":{"line":11,"column":8},"end":{"line":11,"column":56}},"2":{"start":{"line":3,"column":0},"end":{"line":3,"column":13}}},"fnMap":{"0":{"name":"(anonymous_7)","decl":{"start":{"line":6,"column":4},"end":{"line":6,"column":16}},"loc":{"start":{"line":6,"column":50},"end":{"line":8,"column":5}}},"1":{"name":"(anonymous_8)","decl":{"start":{"line":10,"column":17},"end":{"line":10,"column":24}},"loc":{"start":{"line":10,"column":38},"end":{"line":12,"column":null}}}},"branchMap":{},"s":{"0":1,"1":1,"2":1},"f":{"0":1,"1":1},"b":{}}
,"D:\\Prueba\\Xpert\\Backend\\backXpert\\src\\use-cases\\image\\get-images-by-breeds.usecase.ts": {"path":"D:\\Prueba\\Xpert\\Backend\\backXpert\\src\\use-cases\\image\\get-images-by-breeds.usecase.ts","statementMap":{"0":{"start":{"line":8,"column":8},"end":{"line":8,"column":47}},"1":{"start":{"line":12,"column":8},"end":{"line":12,"column":65}},"2":{"start":{"line":4,"column":0},"end":{"line":4,"column":13}}},"fnMap":{"0":{"name":"(anonymous_7)","decl":{"start":{"line":7,"column":4},"end":{"line":7,"column":16}},"loc":{"start":{"line":7,"column":49},"end":{"line":9,"column":5}}},"1":{"name":"(anonymous_8)","decl":{"start":{"line":11,"column":17},"end":{"line":11,"column":24}},"loc":{"start":{"line":11,"column":41},"end":{"line":13,"column":null}}}},"branchMap":{},"s":{"0":2,"1":2,"2":1},"f":{"0":2,"1":2},"b":{}}
,"D:\\Prueba\\Xpert\\Backend\\backXpert\\src\\use-cases\\user\\login.usecase.ts": {"path":"D:\\Prueba\\Xpert\\Backend\\backXpert\\src\\use-cases\\user\\login.usecase.ts","statementMap":{"0":{"start":{"line":1,"column":0},"end":{"line":1,"column":28}},"1":{"start":{"line":2,"column":0},"end":{"line":2,"column":31}},"2":{"start":{"line":8,"column":24},"end":{"line":8,"column":55}},"3":{"start":{"line":9,"column":8},"end":{"line":9,"column":35}},"4":{"start":{"line":13,"column":21},"end":{"line":13,"column":65}},"5":{"start":{"line":14,"column":8},"end":{"line":19,"column":9}},"6":{"start":{"line":15,"column":26},"end":{"line":17,"column":14}},"7":{"start":{"line":18,"column":12},"end":{"line":18,"column":25}},"8":{"start":{"line":20,"column":8},"end":{"line":20,"column":20}},"9":{"start":{"line":5,"column":0},"end":{"line":5,"column":13}}},"fnMap":{"0":{"name":"(anonymous_8)","decl":{"start":{"line":8,"column":4},"end":{"line":8,"column":24}},"loc":{"start":{"line":8,"column":74},"end":{"line":10,"column":5}}},"1":{"name":"(anonymous_9)","decl":{"start":{"line":12,"column":17},"end":{"line":12,"column":24}},"loc":{"start":{"line":12,"column":56},"end":{"line":21,"column":null}}}},"branchMap":{"0":{"loc":{"start":{"line":14,"column":8},"end":{"line":19,"column":9}},"type":"if","locations":[{"start":{"line":14,"column":8},"end":{"line":19,"column":9}}]},"1":{"loc":{"start":{"line":14,"column":12},"end":{"line":14,"column":67}},"type":"binary-expr","locations":[{"start":{"line":14,"column":12},"end":{"line":14,"column":16}},{"start":{"line":14,"column":20},"end":{"line":14,"column":65}}]}},"s":{"0":3,"1":3,"2":15,"3":15,"4":3,"5":3,"6":2,"7":2,"8":1,"9":3},"f":{"0":15,"1":3},"b":{"0":[2],"1":[3,3]}}
,"D:\\Prueba\\Xpert\\Backend\\backXpert\\src\\use-cases\\user\\register.usecase.ts": {"path":"D:\\Prueba\\Xpert\\Backend\\backXpert\\src\\use-cases\\user\\register.usecase.ts","statementMap":{"0":{"start":{"line":1,"column":0},"end":{"line":1,"column":28}},"1":{"start":{"line":5,"column":24},"end":{"line":5,"column":55}},"2":{"start":{"line":8,"column":31},"end":{"line":8,"column":62}},"3":{"start":{"line":9,"column":8},"end":{"line":9,"column":75}},"4":{"start":{"line":4,"column":0},"end":{"line":4,"column":13}}},"fnMap":{"0":{"name":"(anonymous_8)","decl":{"start":{"line":5,"column":4},"end":{"line":5,"column":24}},"loc":{"start":{"line":5,"column":55},"end":{"line":5,"column":59}}},"1":{"name":"(anonymous_9)","decl":{"start":{"line":7,"column":17},"end":{"line":7,"column":24}},"loc":{"start":{"line":7,"column":70},"end":{"line":10,"column":null}}}},"branchMap":{},"s":{"0":3,"1":14,"2":2,"3":2,"4":3},"f":{"0":14,"1":2},"b":{}}
}
