TN:
SF:src\controllers\breeds.controller.ts
FN:7,(anonymous_7)
FN:11,(anonymous_8)
FN:11,(anonymous_9)
FN:20,(anonymous_10)
FN:20,(anonymous_11)
FN:34,(anonymous_12)
FN:34,(anonymous_13)
FNF:7
FNH:7
FNDA:7,(anonymous_7)
FNDA:2,(anonymous_8)
FNDA:2,(anonymous_9)
FNDA:3,(anonymous_10)
FNDA:3,(anonymous_11)
FNDA:2,(anonymous_12)
FNDA:2,(anonymous_13)
DA:4,1
DA:8,7
DA:11,7
DA:12,2
DA:13,2
DA:14,1
DA:16,1
DA:20,7
DA:21,3
DA:22,3
DA:23,3
DA:24,2
DA:25,1
DA:27,1
DA:30,1
DA:34,7
DA:35,2
DA:36,2
DA:37,2
DA:38,1
DA:40,1
LF:21
LH:21
BRDA:24,0,0,1
BRDA:24,0,1,1
BRF:2
BRH:2
end_of_record
TN:
SF:src\controllers\image.controller.ts
FN:7,(anonymous_7)
FN:11,(anonymous_8)
FN:11,(anonymous_9)
FNF:3
FNH:3
FNDA:2,(anonymous_7)
FNDA:2,(anonymous_8)
FNDA:2,(anonymous_9)
DA:4,1
DA:8,2
DA:11,2
DA:12,2
DA:13,2
DA:14,2
DA:15,1
DA:17,1
LF:8
LH:8
BRF:0
BRH:0
end_of_record
TN:
SF:src\controllers\user.controller.ts
FN:7,(anonymous_7)
FN:11,(anonymous_8)
FN:11,(anonymous_9)
FN:32,(anonymous_10)
FN:32,(anonymous_11)
FNF:5
FNH:5
FNDA:9,(anonymous_7)
FNDA:4,(anonymous_8)
FNDA:4,(anonymous_9)
FNDA:5,(anonymous_10)
FNDA:5,(anonymous_11)
DA:4,1
DA:8,9
DA:11,9
DA:12,4
DA:14,4
DA:15,1
DA:16,1
DA:19,3
DA:20,3
DA:21,2
DA:22,1
DA:24,1
DA:27,1
DA:32,9
DA:33,5
DA:35,5
DA:36,2
DA:37,2
DA:40,3
DA:41,3
DA:42,2
DA:43,1
DA:45,1
DA:48,1
LF:24
LH:24
BRDA:14,0,0,1
BRDA:14,1,0,4
BRDA:14,1,1,3
BRDA:14,1,2,3
BRDA:21,2,0,1
BRDA:21,2,1,1
BRDA:35,3,0,2
BRDA:35,4,0,5
BRDA:35,4,1,3
BRDA:42,5,0,1
BRDA:42,5,1,1
BRF:11
BRH:11
end_of_record
TN:
SF:src\models\breeds.model.ts
FN:9,(anonymous_0)
FNF:1
FNH:1
FNDA:8,(anonymous_0)
DA:1,1
DA:17,8
DA:18,8
DA:19,8
DA:20,8
DA:21,8
DA:22,8
LF:7
LH:7
BRF:0
BRH:0
end_of_record
TN:
SF:src\models\image.model.ts
FN:6,(anonymous_0)
FNF:1
FNH:1
FNDA:8,(anonymous_0)
DA:1,4
DA:7,8
DA:8,8
DA:9,8
LF:4
LH:4
BRF:0
BRH:0
end_of_record
TN:
SF:src\models\user.model.ts
FNF:0
FNH:0
DA:1,1
DA:9,1
DA:15,1
LF:3
LH:3
BRF:0
BRH:0
end_of_record
TN:
SF:src\repositories\breeds.respository.ts
FN:8,(anonymous_8)
FN:12,(anonymous_9)
FN:16,(anonymous_11)
FN:26,(anonymous_12)
FN:41,(anonymous_14)
FN:46,(anonymous_16)
FNF:6
FNH:6
FNDA:6,(anonymous_8)
FNDA:2,(anonymous_9)
FNDA:2,(anonymous_11)
FNDA:2,(anonymous_12)
FNDA:2,(anonymous_14)
FNDA:1,(anonymous_16)
DA:1,1
DA:2,1
DA:4,1
DA:6,1
DA:8,1
DA:9,6
DA:10,6
DA:13,2
DA:16,2
DA:27,2
DA:30,1
DA:31,1
DA:42,2
DA:43,2
DA:46,1
LF:15
LH:15
BRF:0
BRH:0
end_of_record
TN:
SF:src\repositories\image.repository.ts
FN:8,(anonymous_8)
FN:12,(anonymous_9)
FN:18,(anonymous_11)
FNF:3
FNH:3
FNDA:1,(anonymous_8)
FNDA:1,(anonymous_9)
FNDA:2,(anonymous_11)
DA:1,1
DA:2,1
DA:4,1
DA:6,1
DA:8,1
DA:9,1
DA:10,1
DA:13,1
DA:18,2
LF:9
LH:9
BRF:0
BRH:0
end_of_record
TN:
SF:src\repositories\user.repository.ts
FN:5,(anonymous_7)
FN:14,(anonymous_9)
FNF:2
FNH:2
FNDA:1,(anonymous_7)
FNDA:2,(anonymous_9)
DA:2,1
DA:4,1
DA:6,1
DA:11,1
DA:15,2
LF:5
LH:5
BRF:0
BRH:0
end_of_record
TN:
SF:src\services\breeds.service.ts
FN:10,(anonymous_7)
FN:20,(anonymous_8)
FN:24,(anonymous_10)
FN:28,(anonymous_12)
FNF:4
FNH:4
FNDA:6,(anonymous_7)
FNDA:2,(anonymous_8)
FNDA:2,(anonymous_10)
FNDA:2,(anonymous_12)
DA:5,1
DA:15,6
DA:16,6
DA:17,6
DA:21,2
DA:25,2
DA:29,2
DA:30,1
LF:8
LH:8
BRF:0
BRH:0
end_of_record
TN:
SF:src\services\image.service.ts
FN:6,(anonymous_7)
FN:10,(anonymous_8)
FNF:2
FNH:2
FNDA:1,(anonymous_7)
FNDA:1,(anonymous_8)
DA:3,1
DA:7,1
DA:11,1
LF:3
LH:3
BRF:0
BRH:0
end_of_record
TN:
SF:src\services\user.service.ts
FN:12,(anonymous_8)
FN:18,(anonymous_9)
FN:26,(anonymous_11)
FN:30,(anonymous_13)
FNF:4
FNH:4
FNDA:13,(anonymous_8)
FNDA:1,(anonymous_9)
FNDA:1,(anonymous_11)
FNDA:2,(anonymous_13)
DA:3,2
DA:4,2
DA:5,2
DA:7,2
DA:13,13
DA:14,13
DA:15,13
DA:19,1
DA:20,1
DA:27,1
DA:31,2
DA:32,2
DA:34,1
LF:13
LH:13
BRF:0
BRH:0
end_of_record
TN:
SF:src\use-cases\breeds\get-all-breeds.usecase.ts
FN:6,(anonymous_7)
FN:10,(anonymous_8)
FNF:2
FNH:2
FNDA:1,(anonymous_7)
FNDA:1,(anonymous_8)
DA:3,1
DA:7,1
DA:11,1
LF:3
LH:3
BRF:0
BRH:0
end_of_record
TN:
SF:src\use-cases\breeds\get-breed-by-id.usecase.ts
FN:6,(anonymous_7)
FN:10,(anonymous_8)
FNF:2
FNH:2
FNDA:1,(anonymous_7)
FNDA:1,(anonymous_8)
DA:3,1
DA:7,1
DA:11,1
LF:3
LH:3
BRF:0
BRH:0
end_of_record
TN:
SF:src\use-cases\breeds\search-breeds.usecase.ts
FN:6,(anonymous_7)
FN:10,(anonymous_8)
FNF:2
FNH:2
FNDA:1,(anonymous_7)
FNDA:1,(anonymous_8)
DA:3,1
DA:7,1
DA:11,1
LF:3
LH:3
BRF:0
BRH:0
end_of_record
TN:
SF:src\use-cases\image\get-images-by-breeds.usecase.ts
FN:7,(anonymous_7)
FN:11,(anonymous_8)
FNF:2
FNH:2
FNDA:2,(anonymous_7)
FNDA:2,(anonymous_8)
DA:4,1
DA:8,2
DA:12,2
LF:3
LH:3
BRF:0
BRH:0
end_of_record
TN:
SF:src\use-cases\user\login.usecase.ts
FN:8,(anonymous_8)
FN:12,(anonymous_9)
FNF:2
FNH:2
FNDA:15,(anonymous_8)
FNDA:3,(anonymous_9)
DA:1,3
DA:2,3
DA:5,3
DA:8,15
DA:9,15
DA:13,3
DA:14,3
DA:15,2
DA:18,2
DA:20,1
LF:10
LH:10
BRDA:14,0,0,2
BRDA:14,1,0,3
BRDA:14,1,1,3
BRF:3
BRH:3
end_of_record
TN:
SF:src\use-cases\user\register.usecase.ts
FN:5,(anonymous_8)
FN:7,(anonymous_9)
FNF:2
FNH:2
FNDA:14,(anonymous_8)
FNDA:2,(anonymous_9)
DA:1,3
DA:4,3
DA:5,14
DA:8,2
DA:9,2
LF:5
LH:5
BRF:0
BRH:0
end_of_record
